<?xml version="1.0" encoding="UTF-8"?>
<testsuite name="backgroundCheck.BackgroundCheckTest" tests="4" skipped="0" failures="0" errors="0" timestamp="2019-10-21T01:15:07" hostname="Kevin-MacBook-Pro.local" time="0.028">
  <properties/>
  <testcase name="candidateIsEvaluatedAndReturnsOneReasonForRejection()" classname="backgroundCheck.BackgroundCheckTest" time="0.018"/>
  <testcase name="candidateIsEvaluatedAndReturnsThreeReasonsForRejection()" classname="backgroundCheck.BackgroundCheckTest" time="0.003"/>
  <testcase name="candidateIsEvaluatedAndPasses()" classname="backgroundCheck.BackgroundCheckTest" time="0.001"/>
  <testcase name="candidateIsEvaluatedAndReturnsTwoReasonsForRejection()" classname="backgroundCheck.BackgroundCheckTest" time="0.002"/>
  <system-out><![CDATA[]]></system-out>
  <system-err><![CDATA[]]></system-err>
</testsuite>
